<?xml version="1.0" encoding="UTF-8"?>
<!-- Generated by org.testng.reporters.JUnitReportReporter -->
<testsuite skipped="0" hostname="DESKTOP-4DTUBVT" name="tests.CreateProject_TestScenario1" tests="4" failures="0" timestamp="24 Mar 2020 05:15:49 GMT" time="45.231" errors="0">
  <testcase name="login_ValidUserValidPass" time="7.459" classname="tests.CreateProject_TestScenario1"/>
  <testcase name="NewProject" time="22.366" classname="tests.CreateProject_TestScenario1"/>
  <testcase name="ProjectName" time="3.258" classname="tests.CreateProject_TestScenario1"/>
  <testcase name="UserStory" time="12.148" classname="tests.CreateProject_TestScenario1"/>
</testsuite> <!-- tests.CreateProject_TestScenario1 -->
