<?xml version="1.0" encoding="UTF-8"?>
<!-- Generated by org.testng.reporters.JUnitReportReporter -->
<testsuite skipped="0" hostname="DESKTOP-4DTUBVT" name="tests.RegistrationTest" tests="3" failures="0" timestamp="24 Mar 2020 05:15:49 GMT" time="60.645" errors="0">
  <testcase name="SandBox" time="0.264" classname="tests.RegistrationTest"/>
  <testcase name="Register_ValidUserValidPass" time="1.578" classname="tests.RegistrationTest"/>
  <testcase name="SetPassword" time="58.803" classname="tests.RegistrationTest"/>
</testsuite> <!-- tests.RegistrationTest -->
