<?xml version="1.0" encoding="UTF-8"?>
<!-- Generated by org.testng.reporters.JUnitReportReporter -->
<testsuite skipped="0" hostname="DESKTOP-4DTUBVT" name="tests.CreateXrayProject_TestScenario2" tests="5" failures="0" timestamp="24 Mar 2020 05:15:49 GMT" time="57.966" errors="0">
  <testcase name="login_ValidUserValidPass" time="12.128" classname="tests.CreateXrayProject_TestScenario2"/>
  <testcase name="CreateXrayProject" time="15.907" classname="tests.CreateXrayProject_TestScenario2"/>
  <testcase name="ProjectName" time="3.361" classname="tests.CreateXrayProject_TestScenario2"/>
  <testcase name="UserStory" time="10.401" classname="tests.CreateXrayProject_TestScenario2"/>
  <testcase name="Plan" time="16.169" classname="tests.CreateXrayProject_TestScenario2"/>
</testsuite> <!-- tests.CreateXrayProject_TestScenario2 -->
